<?xml version="1.0" encoding="UTF-8"?>
<!-- Generated by org.testng.reporters.JUnitReportReporter -->
<testsuite hostname="Hp" failures="0" tests="1" name="jenkinsDemo.jenkins" time="15.717" errors="0" timestamp="27 Jun 2018 09:05:20 GMT" skipped="0">
  <testcase classname="jenkinsDemo.jenkins" name="jen" time="15.717"/>
</testsuite> <!-- jenkinsDemo.jenkins -->
